<?xml version="1.0" encoding="utf-8"?><testsuites name="pytest tests"><testsuite name="pytest" errors="0" failures="0" skipped="0" tests="37" time="18.146" timestamp="2026-05-11T08:59:11.298146+00:00" hostname="agent-env-6dbd5dca-3d02-44d2-a3a7-b73920c88bc7"><testcase classname="backend.tests.test_phase2.TestAdminPlans" name="test_create_plan" time="0.650" /><testcase classname="backend.tests.test_phase2.TestAdminPlans" name="test_invalid_plan_type" time="0.195" /><testcase classname="backend.tests.test_phase2.TestAdminPlans" name="test_get_plans_includes" time="0.109" /><testcase classname="backend.tests.test_phase2.TestAdminPlans" name="test_update_plan" time="0.207" /><testcase classname="backend.tests.test_phase2.TestAdminPlans" name="test_dealer_cannot_access_plans" time="0.511" /><testcase classname="backend.tests.test_phase2.TestAdminPlans" name="test_delete_plan" time="0.270" /><testcase classname="backend.tests.test_phase2.TestTemplateLayout" name="test_create_with_layout" time="0.099" /><testcase classname="backend.tests.test_phase2.TestTemplateLayout" name="test_persist_layout_on_get" time="0.167" /><testcase classname="backend.tests.test_phase2.TestTemplateLayout" name="test_update_layout" time="0.123" /><testcase classname="backend.tests.test_phase2.TestTemplateLayout" name="test_cleanup" time="0.103" /><testcase classname="backend.tests.test_phase2.TestAdminDevices" name="test_list_devices" time="0.116" /><testcase classname="backend.tests.test_phase2.TestAdminDevices" name="test_dealer_forbidden" time="0.133" /><testcase classname="backend.tests.test_phase2.TestClientAuth" name="test_client_login_role_client" time="0.730" /><testcase classname="backend.tests.test_phase2.TestClientAuth" name="test_email_uniqueness_users_vs_clients" time="0.122" /><testcase classname="backend.tests.test_phase2.TestClientCore" name="test_me" time="0.480" /><testcase classname="backend.tests.test_phase2.TestClientCore" name="test_stats_doctor_extras" time="0.492" /><testcase classname="backend.tests.test_phase2.TestClientCore" name="test_stats_retailer_extras" time="0.849" /><testcase classname="backend.tests.test_phase2.TestClientCore" name="test_stats_society_extras" time="0.788" /><testcase classname="backend.tests.test_phase2.TestClientCore" name="test_client_cannot_access_admin" time="0.454" /><testcase classname="backend.tests.test_phase2.TestClientCore" name="test_client_cannot_access_dealer" time="0.450" /><testcase classname="backend.tests.test_phase2.TestClientDevices" name="test_create_with_autocode" time="0.437" /><testcase classname="backend.tests.test_phase2.TestClientDevices" name="test_create_with_pair_code" time="0.426" /><testcase classname="backend.tests.test_phase2.TestClientDevices" name="test_list_devices" time="0.475" /><testcase classname="backend.tests.test_phase2.TestClientDevices" name="test_update_device_name" time="0.454" /><testcase classname="backend.tests.test_phase2.TestClientDevices" name="test_update_device_unassigned_template_rejected" time="0.467" /><testcase classname="backend.tests.test_phase2.TestClientDevices" name="test_delete_devices" time="0.567" /><testcase classname="backend.tests.test_phase2.TestDoctorFlow" name="test_update_profile" time="0.448" /><testcase classname="backend.tests.test_phase2.TestDoctorFlow" name="test_retailer_cannot_update_doctor_profile" time="0.449" /><testcase classname="backend.tests.test_phase2.TestDoctorFlow" name="test_public_doctor_profile" time="0.111" /><testcase classname="backend.tests.test_phase2.TestDoctorFlow" name="test_public_non_doctor_404" time="0.119" /><testcase classname="backend.tests.test_phase2.TestDoctorFlow" name="test_public_book_increments_token" time="0.219" /><testcase classname="backend.tests.test_phase2.TestDoctorFlow" name="test_doctor_lists_and_updates_appointment" time="0.524" /><testcase classname="backend.tests.test_phase2.TestRetailer" name="test_crud_products" time="0.757" /><testcase classname="backend.tests.test_phase2.TestSociety" name="test_crud_rooms" time="0.788" /><testcase classname="backend.tests.test_phase2.TestDealerDevicesScope" name="test_dealer_devices_hydrated" time="0.699" /><testcase classname="backend.tests.test_phase2.TestCascadeTemplate" name="test_template_delete_cascade" time="1.450" /><testcase classname="backend.tests.test_phase2.TestCascadeDealer" name="test_dealer_delete_cascade" time="2.491" /></testsuite></testsuites>