<?xml version="1.0" encoding="utf-8"?><testsuites name="pytest tests"><testsuite name="pytest" errors="0" failures="0" skipped="0" tests="23" time="10.467" timestamp="2026-05-11T10:04:43.522918+00:00" hostname="agent-env-6dbd5dca-3d02-44d2-a3a7-b73920c88bc7"><testcase classname="backend.tests.test_phase4.TestAdminUPI" name="test_admin_put_settings" time="0.622" /><testcase classname="backend.tests.test_phase4.TestAdminUPI" name="test_admin_get_settings" time="0.074" /><testcase classname="backend.tests.test_phase4.TestAdminUPI" name="test_admin_upi_public_for_dealer" time="0.463" /><testcase classname="backend.tests.test_phase4.TestAdminUPI" name="test_dealer_set_own_upi" time="0.071" /><testcase classname="backend.tests.test_phase4.TestAdminUPI" name="test_client_my_dealer_upi" time="0.494" /><testcase classname="backend.tests.test_phase4.TestStatus" name="test_new_dealer_is_pending" time="0.363" /><testcase classname="backend.tests.test_phase4.TestStatus" name="test_pending_dealer_can_login" time="0.676" /><testcase classname="backend.tests.test_phase4.TestStatus" name="test_suspended_dealer_blocked" time="0.496" /><testcase classname="backend.tests.test_phase4.TestStatus" name="test_activate_dealer" time="0.511" /><testcase classname="backend.tests.test_phase4.TestStatus" name="test_client_status_suspend" time="1.277" /><testcase classname="backend.tests.test_phase4.TestMoveClient" name="test_move_client_to_new_dealer" time="1.882" /><testcase classname="backend.tests.test_phase4.TestPaymentScreenshot" name="test_upload_screenshot_returns_id_and_url" time="0.195" /><testcase classname="backend.tests.test_phase4.TestPaymentScreenshot" name="test_upload_rejects_non_image" time="0.153" /><testcase classname="backend.tests.test_phase4.TestPaymentsFlow" name="test_dealer_create_and_admin_verify" time="0.219" /><testcase classname="backend.tests.test_phase4.TestPaymentsFlow" name="test_client_create_and_dealer_verify_activates_client" time="1.031" /><testcase classname="backend.tests.test_phase4.TestPlaylistMultiZone" name="test_create_multizone_and_player_returns_zones" time="0.646" /><testcase classname="backend.tests.test_phase4.TestPlaylistMultiZone" name="test_legacy_payload_still_works" time="0.431" /><testcase classname="backend.tests.test_phase4.TestDealerDeviceEdit" name="test_dealer_edit_device" time="0.154" /><testcase classname="backend.tests.test_phase4.TestDealerDeviceEdit" name="test_dealer_edit_device_with_invalid_template" time="0.145" /><testcase classname="backend.tests.test_phase4.TestDealerDeviceEdit" name="test_dealer_edit_other_dealers_device_404" time="0.073" /><testcase classname="backend.tests.test_phase4.TestRoleEnforcement" name="test_dealer_cant_hit_admin" time="0.175" /><testcase classname="backend.tests.test_phase4.TestRoleEnforcement" name="test_client_cant_hit_dealer" time="0.070" /><testcase classname="backend.tests.test_phase4.TestRoleEnforcement" name="test_admin_cant_hit_client" time="0.072" /></testsuite></testsuites>