<?xml version="1.0" encoding="utf-8"?><testsuites name="pytest tests"><testsuite name="pytest" errors="0" failures="0" skipped="0" tests="28" time="11.028" timestamp="2026-05-11T09:25:28.545999+00:00" hostname="agent-env-6dbd5dca-3d02-44d2-a3a7-b73920c88bc7"><testcase classname="backend.tests.test_phase3.TestMedia" name="test_upload_png_ok" time="1.490" /><testcase classname="backend.tests.test_phase3.TestMedia" name="test_reject_unsupported_mime" time="0.140" /><testcase classname="backend.tests.test_phase3.TestMedia" name="test_reject_too_large" time="1.636" /><testcase classname="backend.tests.test_phase3.TestMedia" name="test_list_media_filtered_by_zone" time="0.590" /><testcase classname="backend.tests.test_phase3.TestMedia" name="test_serve_public_no_auth" time="0.248" /><testcase classname="backend.tests.test_phase3.TestMedia" name="test_serve_unknown_404" time="0.128" /><testcase classname="backend.tests.test_phase3.TestMedia" name="test_update_media" time="0.370" /><testcase classname="backend.tests.test_phase3.TestMedia" name="test_soft_delete_hides_from_list" time="0.361" /><testcase classname="backend.tests.test_phase3.TestMedia" name="test_cross_tenant_isolation" time="0.987" /><testcase classname="backend.tests.test_phase3.TestMedia" name="test_role_enforcement_admin_dealer" time="0.575" /><testcase classname="backend.tests.test_phase3.TestPlaylists" name="test_create_with_valid_media" time="0.112" /><testcase classname="backend.tests.test_phase3.TestPlaylists" name="test_create_with_invalid_media_rejected" time="0.122" /><testcase classname="backend.tests.test_phase3.TestPlaylists" name="test_create_with_other_clients_media_rejected" time="0.099" /><testcase classname="backend.tests.test_phase3.TestPlaylists" name="test_list_only_own_playlists" time="0.227" /><testcase classname="backend.tests.test_phase3.TestPlaylists" name="test_update_playlist" time="0.137" /><testcase classname="backend.tests.test_phase3.TestPlaylists" name="test_role_enforcement" time="0.215" /><testcase classname="backend.tests.test_phase3.TestSchedulesAndPlayer" name="test_create_device_for_player" time="0.102" /><testcase classname="backend.tests.test_phase3.TestSchedulesAndPlayer" name="test_create_schedule_valid" time="0.108" /><testcase classname="backend.tests.test_phase3.TestSchedulesAndPlayer" name="test_create_schedule_invalid_playlist" time="0.102" /><testcase classname="backend.tests.test_phase3.TestSchedulesAndPlayer" name="test_create_schedule_other_clients_playlist" time="0.119" /><testcase classname="backend.tests.test_phase3.TestSchedulesAndPlayer" name="test_public_player_unknown_pair_code_404" time="0.103" /><testcase classname="backend.tests.test_phase3.TestSchedulesAndPlayer" name="test_public_player_returns_media_in_zone" time="0.117" /><testcase classname="backend.tests.test_phase3.TestSchedulesAndPlayer" name="test_player_marks_device_paired" time="0.102" /><testcase classname="backend.tests.test_phase3.TestSchedulesAndPlayer" name="test_schedule_inactive_falls_back_to_latest" time="0.321" /><testcase classname="backend.tests.test_phase3.TestSchedulesAndPlayer" name="test_schedule_day_excluded" time="0.975" /><testcase classname="backend.tests.test_phase3.TestSchedulesAndPlayer" name="test_delete_playlist_cascades_schedules" time="0.434" /><testcase classname="backend.tests.test_phase3.TestSchedulesAndPlayer" name="test_role_enforcement_schedules" time="0.220" /><testcase classname="backend.tests.test_phase3.TestSchedulesAndPlayer" name="test_cleanup" time="0.780" /></testsuite></testsuites>