<?xml version="1.0" encoding="utf-8"?><testsuites name="pytest tests"><testsuite name="pytest" errors="0" failures="0" skipped="0" tests="92" time="35.267" timestamp="2026-05-11T09:25:43.840049+00:00" hostname="agent-env-6dbd5dca-3d02-44d2-a3a7-b73920c88bc7"><testcase classname="backend.tests.test_phase2.TestAdminPlans" name="test_create_plan" time="0.546" /><testcase classname="backend.tests.test_phase2.TestAdminPlans" name="test_invalid_plan_type" time="0.107" /><testcase classname="backend.tests.test_phase2.TestAdminPlans" name="test_get_plans_includes" time="0.105" /><testcase classname="backend.tests.test_phase2.TestAdminPlans" name="test_update_plan" time="0.101" /><testcase classname="backend.tests.test_phase2.TestAdminPlans" name="test_dealer_cannot_access_plans" time="0.463" /><testcase classname="backend.tests.test_phase2.TestAdminPlans" name="test_delete_plan" time="0.230" /><testcase classname="backend.tests.test_phase2.TestTemplateLayout" name="test_create_with_layout" time="0.104" /><testcase classname="backend.tests.test_phase2.TestTemplateLayout" name="test_persist_layout_on_get" time="0.133" /><testcase classname="backend.tests.test_phase2.TestTemplateLayout" name="test_update_layout" time="0.116" /><testcase classname="backend.tests.test_phase2.TestTemplateLayout" name="test_cleanup" time="0.127" /><testcase classname="backend.tests.test_phase2.TestAdminDevices" name="test_list_devices" time="0.147" /><testcase classname="backend.tests.test_phase2.TestAdminDevices" name="test_dealer_forbidden" time="0.111" /><testcase classname="backend.tests.test_phase2.TestClientAuth" name="test_client_login_role_client" time="0.707" /><testcase classname="backend.tests.test_phase2.TestClientAuth" name="test_email_uniqueness_users_vs_clients" time="0.108" /><testcase classname="backend.tests.test_phase2.TestClientCore" name="test_me" time="0.492" /><testcase classname="backend.tests.test_phase2.TestClientCore" name="test_stats_doctor_extras" time="0.487" /><testcase classname="backend.tests.test_phase2.TestClientCore" name="test_stats_retailer_extras" time="0.856" /><testcase classname="backend.tests.test_phase2.TestClientCore" name="test_stats_society_extras" time="0.870" /><testcase classname="backend.tests.test_phase2.TestClientCore" name="test_client_cannot_access_admin" time="0.481" /><testcase classname="backend.tests.test_phase2.TestClientCore" name="test_client_cannot_access_dealer" time="0.441" /><testcase classname="backend.tests.test_phase2.TestClientDevices" name="test_create_with_autocode" time="0.469" /><testcase classname="backend.tests.test_phase2.TestClientDevices" name="test_create_with_pair_code" time="0.432" /><testcase classname="backend.tests.test_phase2.TestClientDevices" name="test_list_devices" time="0.448" /><testcase classname="backend.tests.test_phase2.TestClientDevices" name="test_update_device_name" time="0.445" /><testcase classname="backend.tests.test_phase2.TestClientDevices" name="test_update_device_unassigned_template_rejected" time="0.474" /><testcase classname="backend.tests.test_phase2.TestClientDevices" name="test_delete_devices" time="0.640" /><testcase classname="backend.tests.test_phase2.TestDoctorFlow" name="test_update_profile" time="0.489" /><testcase classname="backend.tests.test_phase2.TestDoctorFlow" name="test_retailer_cannot_update_doctor_profile" time="0.477" /><testcase classname="backend.tests.test_phase2.TestDoctorFlow" name="test_public_doctor_profile" time="0.120" /><testcase classname="backend.tests.test_phase2.TestDoctorFlow" name="test_public_non_doctor_404" time="0.146" /><testcase classname="backend.tests.test_phase2.TestDoctorFlow" name="test_public_book_increments_token" time="0.235" /><testcase classname="backend.tests.test_phase2.TestDoctorFlow" name="test_doctor_lists_and_updates_appointment" time="0.587" /><testcase classname="backend.tests.test_phase2.TestRetailer" name="test_crud_products" time="0.820" /><testcase classname="backend.tests.test_phase2.TestSociety" name="test_crud_rooms" time="0.799" /><testcase classname="backend.tests.test_phase2.TestDealerDevicesScope" name="test_dealer_devices_hydrated" time="0.719" /><testcase classname="backend.tests.test_phase2.TestCascadeTemplate" name="test_template_delete_cascade" time="2.507" /><testcase classname="backend.tests.test_phase2.TestCascadeDealer" name="test_dealer_delete_cascade" time="2.142" /><testcase classname="backend.tests.test_phase3.TestMedia" name="test_upload_png_ok" time="1.551" /><testcase classname="backend.tests.test_phase3.TestMedia" name="test_reject_unsupported_mime" time="0.127" /><testcase classname="backend.tests.test_phase3.TestMedia" name="test_reject_too_large" time="1.778" /><testcase classname="backend.tests.test_phase3.TestMedia" name="test_list_media_filtered_by_zone" time="0.522" /><testcase classname="backend.tests.test_phase3.TestMedia" name="test_serve_public_no_auth" time="0.206" /><testcase classname="backend.tests.test_phase3.TestMedia" name="test_serve_unknown_404" time="0.135" /><testcase classname="backend.tests.test_phase3.TestMedia" name="test_update_media" time="0.255" /><testcase classname="backend.tests.test_phase3.TestMedia" name="test_soft_delete_hides_from_list" time="0.386" /><testcase classname="backend.tests.test_phase3.TestMedia" name="test_cross_tenant_isolation" time="1.020" /><testcase classname="backend.tests.test_phase3.TestMedia" name="test_role_enforcement_admin_dealer" time="0.591" /><testcase classname="backend.tests.test_phase3.TestPlaylists" name="test_create_with_valid_media" time="0.123" /><testcase classname="backend.tests.test_phase3.TestPlaylists" name="test_create_with_invalid_media_rejected" time="0.117" /><testcase classname="backend.tests.test_phase3.TestPlaylists" name="test_create_with_other_clients_media_rejected" time="0.103" /><testcase classname="backend.tests.test_phase3.TestPlaylists" name="test_list_only_own_playlists" time="0.236" /><testcase classname="backend.tests.test_phase3.TestPlaylists" name="test_update_playlist" time="0.106" /><testcase classname="backend.tests.test_phase3.TestPlaylists" name="test_role_enforcement" time="0.224" /><testcase classname="backend.tests.test_phase3.TestSchedulesAndPlayer" name="test_create_device_for_player" time="0.186" /><testcase classname="backend.tests.test_phase3.TestSchedulesAndPlayer" name="test_create_schedule_valid" time="0.113" /><testcase classname="backend.tests.test_phase3.TestSchedulesAndPlayer" name="test_create_schedule_invalid_playlist" time="0.116" /><testcase classname="backend.tests.test_phase3.TestSchedulesAndPlayer" name="test_create_schedule_other_clients_playlist" time="0.142" /><testcase classname="backend.tests.test_phase3.TestSchedulesAndPlayer" name="test_public_player_unknown_pair_code_404" time="0.103" /><testcase classname="backend.tests.test_phase3.TestSchedulesAndPlayer" name="test_public_player_returns_media_in_zone" time="0.105" /><testcase classname="backend.tests.test_phase3.TestSchedulesAndPlayer" name="test_player_marks_device_paired" time="0.127" /><testcase classname="backend.tests.test_phase3.TestSchedulesAndPlayer" name="test_schedule_inactive_falls_back_to_latest" time="0.364" /><testcase classname="backend.tests.test_phase3.TestSchedulesAndPlayer" name="test_schedule_day_excluded" time="0.331" /><testcase classname="backend.tests.test_phase3.TestSchedulesAndPlayer" name="test_delete_playlist_cascades_schedules" time="0.478" /><testcase classname="backend.tests.test_phase3.TestSchedulesAndPlayer" name="test_role_enforcement_schedules" time="0.247" /><testcase classname="backend.tests.test_phase3.TestSchedulesAndPlayer" name="test_cleanup" time="0.759" /><testcase classname="backend.tests.test_signage_admin.TestAuth" name="test_admin_login_returns_token_and_user" time="0.342" /><testcase classname="backend.tests.test_signage_admin.TestAuth" name="test_dealer_login" time="0.363" /><testcase classname="backend.tests.test_signage_admin.TestAuth" name="test_invalid_login" time="0.359" /><testcase classname="backend.tests.test_signage_admin.TestAuth" name="test_me_admin" time="0.516" /><testcase classname="backend.tests.test_signage_admin.TestAuth" name="test_me_unauth" time="0.108" /><testcase classname="backend.tests.test_signage_admin.TestAuth" name="test_logout" time="0.113" /><testcase classname="backend.tests.test_signage_admin.TestRoles" name="test_dealer_cannot_access_admin" time="0.454" /><testcase classname="backend.tests.test_signage_admin.TestRoles" name="test_admin_cannot_access_dealer" time="0.100" /><testcase classname="backend.tests.test_signage_admin.TestRoles" name="test_invalid_plan_422" time="0.094" /><testcase classname="backend.tests.test_signage_admin.TestAdminDealers" name="test_create" time="0.366" /><testcase classname="backend.tests.test_signage_admin.TestAdminDealers" name="test_list_includes" time="0.131" /><testcase classname="backend.tests.test_signage_admin.TestAdminDealers" name="test_update" time="0.136" /><testcase classname="backend.tests.test_signage_admin.TestAdminDealers" name="test_credit" time="0.120" /><testcase classname="backend.tests.test_signage_admin.TestAdminDealers" name="test_delete_and_cascade" time="0.237" /><testcase classname="backend.tests.test_signage_admin.TestAdminTemplates" name="test_create" time="0.208" /><testcase classname="backend.tests.test_signage_admin.TestAdminTemplates" name="test_dealer_sees_template" time="0.108" /><testcase classname="backend.tests.test_signage_admin.TestAdminTemplates" name="test_update" time="0.126" /><testcase classname="backend.tests.test_signage_admin.TestAdminTemplates" name="test_delete" time="0.112" /><testcase classname="backend.tests.test_signage_admin.TestAdminMisc" name="test_clients_list" time="0.101" /><testcase classname="backend.tests.test_signage_admin.TestAdminMisc" name="test_stats" time="0.127" /><testcase classname="backend.tests.test_signage_admin.TestDealerFlows" name="test_create_client" time="0.847" /><testcase classname="backend.tests.test_signage_admin.TestDealerFlows" name="test_list_own_clients" time="0.114" /><testcase classname="backend.tests.test_signage_admin.TestDealerFlows" name="test_credit_client" time="0.128" /><testcase classname="backend.tests.test_signage_admin.TestDealerFlows" name="test_credit_insufficient" time="0.104" /><testcase classname="backend.tests.test_signage_admin.TestDealerFlows" name="test_update_client" time="0.115" /><testcase classname="backend.tests.test_signage_admin.TestDealerFlows" name="test_dealer_stats" time="0.105" /><testcase classname="backend.tests.test_signage_admin.TestDealerFlows" name="test_delete_client" time="0.252" /></testsuite></testsuites>